<?xml version="1.0" encoding="UTF-8"?>
<!-- Generated by org.testng.reporters.JUnitXMLReporter -->
<testsuite hostname="DESKTOP-U62RH9G" ignored="0" name="Test 1" tests="1" failures="1" timestamp="01 oct 2020 00:04:35 GMT" time="2.489" errors="0">
  <testcase name="runScenario" time="1.679" classname="com.crowdar.bdd.cukes.TestNGParallelRunner">
    <failure type="java.lang.reflect.InvocationTargetException">
      <![CDATA[java.lang.reflect.InvocationTargetException
at ar.steps.SwaggerSteps.doRequest(SwaggerSteps.java:29)
at âœ½.realiza una peticion operacion GET del entity AVERAGE_DURATION utilizando este request AverageDurationCat y reportsLength:1(file:src/test/resources/features/ApiFinalProyect.feature:5)
Caused by: java.nio.file.InvalidPathException: Illegal char <:> at index 120: C:\Users\Willy\Desktop\CROWDAR\CroedarProjects\ProyectoFinal\academy-api-exercise\src\test\resources\jsons\reportsLength:1.json
at sun.nio.fs.WindowsPathParser.normalize(Unknown Source)
at sun.nio.fs.WindowsPathParser.parse(Unknown Source)
at sun.nio.fs.WindowsPathParser.parse(Unknown Source)
at sun.nio.fs.WindowsPath.parse(Unknown Source)
at sun.nio.fs.WindowsFileSystem.getPath(Unknown Source)
at java.nio.file.Paths.get(Unknown Source)
at com.crowdar.core.JsonUtils.getJSONFromPath(JsonUtils.java:83)
at com.crowdar.core.JsonUtils.getJSONFromFile(JsonUtils.java:79)
at com.crowdar.api.rest.MethodsService.getRequest(MethodsService.java:97)
at com.crowdar.api.rest.MethodsService.get(MethodsService.java:29)
at com.crowdar.api.rest.MethodsService.get(MethodsService.java:25)
at services.AverageDurationService.get(AverageDurationService.java:11)
at ar.steps.SwaggerSteps.doRequest(SwaggerSteps.java:29)
at cucumber.runtime.Utils$1.call(Utils.java:26)
at cucumber.runtime.Timeout.timeout(Timeout.java:16)
at cucumber.runtime.Utils.invoke(Utils.java:20)
at cucumber.runtime.java.JavaStepDefinition.execute(JavaStepDefinition.java:57)
at cucumber.runner.PickleStepDefinitionMatch.runStep(PickleStepDefinitionMatch.java:50)
at cucumber.runner.TestStep.executeStep(TestStep.java:65)
at cucumber.runner.TestStep.run(TestStep.java:50)
at cucumber.runner.PickleStepTestStep.run(PickleStepTestStep.java:43)
at cucumber.runner.TestCase.run(TestCase.java:46)
at cucumber.runner.Runner.runPickle(Runner.java:50)
at io.cucumber.testng.TestNGCucumberRunner.runScenario(TestNGCucumberRunner.java:79)
at cucumber.api.testng.TestNGCucumberRunner.runScenario(TestNGCucumberRunner.java:24)
at com.crowdar.bdd.cukes.TestNGParallelRunner.runScenario(TestNGParallelRunner.java:33)
at java.util.concurrent.FutureTask.run(Unknown Source)
at java.util.concurrent.Executors$RunnableAdapter.call(Unknown Source)
at java.util.concurrent.FutureTask.run(Unknown Source)
at java.util.concurrent.ThreadPoolExecutor.runWorker(Unknown Source)
at java.util.concurrent.ThreadPoolExecutor$Worker.run(Unknown Source)
at java.lang.Thread.run(Unknown Source)
... Removed 21 stack frames]]>
    </failure>
  </testcase> <!-- runScenario -->
</testsuite> <!-- Test 1 -->
