<html>
<head>
<title>TestNG:  Test 1</title>
<link href="../testng.css" rel="stylesheet" type="text/css" />
<link href="../my-testng.css" rel="stylesheet" type="text/css" />

<style type="text/css">
.log { display: none;} 
.stack-trace { display: none;} 
</style>
<script type="text/javascript">
<!--
function flip(e) {
  current = e.style.display;
  if (current == 'block') {
    e.style.display = 'none';
    return 0;
  }
  else {
    e.style.display = 'block';
    return 1;
  }
}

function toggleBox(szDivId, elem, msg1, msg2)
{
  var res = -1;  if (document.getElementById) {
    res = flip(document.getElementById(szDivId));
  }
  else if (document.all) {
    // this is the way old msie versions work
    res = flip(document.all[szDivId]);
  }
  if(elem) {
    if(res == 0) elem.innerHTML = msg1; else elem.innerHTML = msg2;
  }

}

function toggleAllBoxes() {
  if (document.getElementsByTagName) {
    d = document.getElementsByTagName('div');
    for (i = 0; i < d.length; i++) {
      if (d[i].className == 'log') {
        flip(d[i]);
      }
    }
  }
}

// -->
</script>

</head>
<body>
<h2 align='center'>Test 1</h2><table border='1' align="center">
<tr>
<td>Tests passed/Failed/Skipped:</td><td>0/1/0</td>
</tr><tr>
<td>Started on:</td><td>Wed Sep 30 21:04:32 ART 2020</td>
</tr>
<tr><td>Total time:</td><td>2 seconds (2489 ms)</td>
</tr><tr>
<td>Included groups:</td><td></td>
</tr><tr>
<td>Excluded groups:</td><td></td>
</tr>
</table><p/>
<small><i>(Hover the method name to see the test class name)</i></small><p/>
<table width='100%' border='1' class='invocation-failed'>
<tr><td colspan='4' align='center'><b>FAILED TESTS</b></td></tr>
<tr><td><b>Test method</b></td>
<td width="30%"><b>Exception</b></td>
<td width="10%"><b>Time (seconds)</b></td>
<td><b>Instance</b></td>
</tr>
<tr>
<td title='ApiExampleProjectParalellTestRunner.runScenario()'><b>runScenario</b><br>Test class: ApiExampleProjectParalellTestRunner<br>Test method: Runs Cucumber Scenarios<br>Parameters: "obtener la duración promedio de la prueba de categoría sobre los informes", "Api Swagger UI - FinalProyect"</td>
<td><div><pre>java.lang.reflect.InvocationTargetException
	at ar.steps.SwaggerSteps.doRequest(SwaggerSteps.java:29)
	at ?.realiza una peticion operacion GET del entity AVERAGE_DURATION utilizando este request AverageDurationCat y reportsLength:1(file:src/test/resources/features/ApiFinalProyect.feature:5)
Caused by: java.nio.file.InvalidPathException: Illegal char &lt;:&gt; at index 120: C:\Users\Willy\Desktop\CROWDAR\CroedarProjects\ProyectoFinal\academy-api-exercise\src\test\resources\jsons\reportsLength:1.json
	at sun.nio.fs.WindowsPathParser.normalize(Unknown Source)
	at sun.nio.fs.WindowsPathParser.parse(Unknown Source)
	at sun.nio.fs.WindowsPathParser.parse(Unknown Source)
	at sun.nio.fs.WindowsPath.parse(Unknown Source)
	at sun.nio.fs.WindowsFileSystem.getPath(Unknown Source)
	at java.nio.file.Paths.get(Unknown Source)
	at com.crowdar.core.JsonUtils.getJSONFromPath(JsonUtils.java:83)
	at com.crowdar.core.JsonUtils.getJSONFromFile(JsonUtils.java:79)
	at com.crowdar.api.rest.MethodsService.getRequest(MethodsService.java:97)
	at com.crowdar.api.rest.MethodsService.get(MethodsService.java:29)
	at com.crowdar.api.rest.MethodsService.get(MethodsService.java:25)
	at services.AverageDurationService.get(AverageDurationService.java:11)
	at ar.steps.SwaggerSteps.doRequest(SwaggerSteps.java:29)
	at cucumber.runtime.Utils$1.call(Utils.java:26)
	at cucumber.runtime.Timeout.timeout(Timeout.java:16)
	at cucumber.runtime.Utils.invoke(Utils.java:20)
	at cucumber.runtime.java.JavaStepDefinition.execute(JavaStepDefinition.java:57)
	at cucumber.runner.PickleStepDefinitionMatch.runStep(PickleStepDefinitionMatch.java:50)
	at cucumber.runner.TestStep.executeStep(TestStep.java:65)
	at cucumber.runner.TestStep.run(TestStep.java:50)
	at cucumber.runner.PickleStepTestStep.run(PickleStepTestStep.java:43)
	at cucumber.runner.TestCase.run(TestCase.java:46)
	at cucumber.runner.Runner.runPickle(Runner.java:50)
	at io.cucumber.testng.TestNGCucumberRunner.runScenario(TestNGCucumberRunner.java:79)
	at cucumber.api.testng.TestNGCucumberRunner.runScenario(TestNGCucumberRunner.java:24)
	at com.crowdar.bdd.cukes.TestNGParallelRunner.runScenario(TestNGParallelRunner.java:33)
	at java.util.concurrent.FutureTask.run(Unknown Source)
	at java.util.concurrent.Executors$RunnableAdapter.call(Unknown Source)
	at java.util.concurrent.FutureTask.run(Unknown Source)
	at java.util.concurrent.ThreadPoolExecutor.runWorker(Unknown Source)
	at java.util.concurrent.ThreadPoolExecutor$Worker.run(Unknown Source)
	at java.lang.Thread.run(Unknown Source)
... Removed 21 stack frames</pre></div><a href='#' onClick='toggleBox("stack-trace809241871", this, "Click to show all stack frames", "Click to hide stack frames")'>Click to show all stack frames</a>
<div class='stack-trace' id='stack-trace809241871'><pre>java.lang.reflect.InvocationTargetException
	at sun.reflect.NativeMethodAccessorImpl.invoke0(Native Method)
	at sun.reflect.NativeMethodAccessorImpl.invoke(Unknown Source)
	at sun.reflect.DelegatingMethodAccessorImpl.invoke(Unknown Source)
	at java.lang.reflect.Method.invoke(Unknown Source)
	at ar.steps.SwaggerSteps.doRequest(SwaggerSteps.java:29)
	at ?.realiza una peticion operacion GET del entity AVERAGE_DURATION utilizando este request AverageDurationCat y reportsLength:1(file:src/test/resources/features/ApiFinalProyect.feature:5)
Caused by: java.nio.file.InvalidPathException: Illegal char &lt;:&gt; at index 120: C:\Users\Willy\Desktop\CROWDAR\CroedarProjects\ProyectoFinal\academy-api-exercise\src\test\resources\jsons\reportsLength:1.json
	at sun.nio.fs.WindowsPathParser.normalize(Unknown Source)
	at sun.nio.fs.WindowsPathParser.parse(Unknown Source)
	at sun.nio.fs.WindowsPathParser.parse(Unknown Source)
	at sun.nio.fs.WindowsPath.parse(Unknown Source)
	at sun.nio.fs.WindowsFileSystem.getPath(Unknown Source)
	at java.nio.file.Paths.get(Unknown Source)
	at com.crowdar.core.JsonUtils.getJSONFromPath(JsonUtils.java:83)
	at com.crowdar.core.JsonUtils.getJSONFromFile(JsonUtils.java:79)
	at com.crowdar.api.rest.MethodsService.getRequest(MethodsService.java:97)
	at com.crowdar.api.rest.MethodsService.get(MethodsService.java:29)
	at com.crowdar.api.rest.MethodsService.get(MethodsService.java:25)
	at services.AverageDurationService.get(AverageDurationService.java:11)
	at sun.reflect.NativeMethodAccessorImpl.invoke0(Native Method)
	at sun.reflect.NativeMethodAccessorImpl.invoke(Unknown Source)
	at sun.reflect.DelegatingMethodAccessorImpl.invoke(Unknown Source)
	at java.lang.reflect.Method.invoke(Unknown Source)
	at ar.steps.SwaggerSteps.doRequest(SwaggerSteps.java:29)
	at sun.reflect.NativeMethodAccessorImpl.invoke0(Native Method)
	at sun.reflect.NativeMethodAccessorImpl.invoke(Unknown Source)
	at sun.reflect.DelegatingMethodAccessorImpl.invoke(Unknown Source)
	at java.lang.reflect.Method.invoke(Unknown Source)
	at cucumber.runtime.Utils$1.call(Utils.java:26)
	at cucumber.runtime.Timeout.timeout(Timeout.java:16)
	at cucumber.runtime.Utils.invoke(Utils.java:20)
	at cucumber.runtime.java.JavaStepDefinition.execute(JavaStepDefinition.java:57)
	at cucumber.runner.PickleStepDefinitionMatch.runStep(PickleStepDefinitionMatch.java:50)
	at cucumber.runner.TestStep.executeStep(TestStep.java:65)
	at cucumber.runner.TestStep.run(TestStep.java:50)
	at cucumber.runner.PickleStepTestStep.run(PickleStepTestStep.java:43)
	at cucumber.runner.TestCase.run(TestCase.java:46)
	at cucumber.runner.Runner.runPickle(Runner.java:50)
	at io.cucumber.testng.TestNGCucumberRunner.runScenario(TestNGCucumberRunner.java:79)
	at cucumber.api.testng.TestNGCucumberRunner.runScenario(TestNGCucumberRunner.java:24)
	at com.crowdar.bdd.cukes.TestNGParallelRunner.runScenario(TestNGParallelRunner.java:33)
	at sun.reflect.NativeMethodAccessorImpl.invoke0(Native Method)
	at sun.reflect.NativeMethodAccessorImpl.invoke(Unknown Source)
	at sun.reflect.DelegatingMethodAccessorImpl.invoke(Unknown Source)
	at java.lang.reflect.Method.invoke(Unknown Source)
	at org.testng.internal.MethodInvocationHelper.invokeMethod(MethodInvocationHelper.java:124)
	at org.testng.internal.Invoker.invokeMethod(Invoker.java:583)
	at org.testng.internal.Invoker.invokeTestMethod(Invoker.java:719)
	at org.testng.internal.TestMethodWithDataProviderMethodWorker.call(TestMethodWithDataProviderMethodWorker.java:71)
	at org.testng.internal.TestMethodWithDataProviderMethodWorker.call(TestMethodWithDataProviderMethodWorker.java:14)
	at java.util.concurrent.FutureTask.run(Unknown Source)
	at java.util.concurrent.Executors$RunnableAdapter.call(Unknown Source)
	at java.util.concurrent.FutureTask.run(Unknown Source)
	at java.util.concurrent.ThreadPoolExecutor.runWorker(Unknown Source)
	at java.util.concurrent.ThreadPoolExecutor$Worker.run(Unknown Source)
	at java.lang.Thread.run(Unknown Source)
</pre></div></td>
<td>1</td>
<td>ApiExampleProjectParalellTestRunner@4bec1f0c</td></tr>
</table><p>
</body>
</html>